
Compiler Errors:
(please be aware that these errors will prevent OCLint from analyzing this source code)

/usr/lib/gcc/x86_64-linux-gnu/6.2.0/../../../../include/c++/6.2.0/stdlib.h:38:12: no member named 'abort' in namespace 'std'
/usr/lib/gcc/x86_64-linux-gnu/6.2.0/../../../../include/c++/6.2.0/stdlib.h:39:12: no member named 'atexit' in namespace 'std'
/usr/lib/gcc/x86_64-linux-gnu/6.2.0/../../../../include/c++/6.2.0/stdlib.h:40:12: no member named 'exit' in namespace 'std'
/usr/lib/gcc/x86_64-linux-gnu/6.2.0/../../../../include/c++/6.2.0/stdlib.h:43:14: no member named 'at_quick_exit' in namespace 'std'
/usr/lib/gcc/x86_64-linux-gnu/6.2.0/../../../../include/c++/6.2.0/stdlib.h:46:14: no member named 'quick_exit' in namespace 'std'
/usr/lib/gcc/x86_64-linux-gnu/6.2.0/../../../../include/c++/6.2.0/stdlib.h:51:12: no member named 'div_t' in namespace 'std'
/usr/lib/gcc/x86_64-linux-gnu/6.2.0/../../../../include/c++/6.2.0/stdlib.h:52:12: no member named 'ldiv_t' in namespace 'std'
/usr/lib/gcc/x86_64-linux-gnu/6.2.0/../../../../include/c++/6.2.0/stdlib.h:54:12: no member named 'abs' in namespace 'std'
/usr/lib/gcc/x86_64-linux-gnu/6.2.0/../../../../include/c++/6.2.0/stdlib.h:55:12: no member named 'atof' in namespace 'std'
/usr/lib/gcc/x86_64-linux-gnu/6.2.0/../../../../include/c++/6.2.0/stdlib.h:56:12: no member named 'atoi' in namespace 'std'
/usr/lib/gcc/x86_64-linux-gnu/6.2.0/../../../../include/c++/6.2.0/stdlib.h:57:12: no member named 'atol' in namespace 'std'
/usr/lib/gcc/x86_64-linux-gnu/6.2.0/../../../../include/c++/6.2.0/stdlib.h:58:12: no member named 'bsearch' in namespace 'std'
/usr/lib/gcc/x86_64-linux-gnu/6.2.0/../../../../include/c++/6.2.0/stdlib.h:59:12: no member named 'calloc' in namespace 'std'
/usr/lib/gcc/x86_64-linux-gnu/6.2.0/../../../../include/c++/6.2.0/stdlib.h:60:12: no member named 'div' in namespace 'std'
/usr/lib/gcc/x86_64-linux-gnu/6.2.0/../../../../include/c++/6.2.0/stdlib.h:61:12: no member named 'free' in namespace 'std'
/usr/lib/gcc/x86_64-linux-gnu/6.2.0/../../../../include/c++/6.2.0/stdlib.h:62:12: no member named 'getenv' in namespace 'std'
/usr/lib/gcc/x86_64-linux-gnu/6.2.0/../../../../include/c++/6.2.0/stdlib.h:63:12: no member named 'labs' in namespace 'std'
/usr/lib/gcc/x86_64-linux-gnu/6.2.0/../../../../include/c++/6.2.0/stdlib.h:64:12: no member named 'ldiv' in namespace 'std'
/usr/lib/gcc/x86_64-linux-gnu/6.2.0/../../../../include/c++/6.2.0/stdlib.h:65:12: no member named 'malloc' in namespace 'std'
:0:0: too many errors emitted, stopping now
/home/richel/GitHubs/FilterOperationer/filteroperationermenudialog.h:4:10: 'menudialog.h' file not found
/home/richel/GitHubs/FilterOperationer/qtfilteroperationermaindialog.h:7:10: 'qthideandshowdialog.h' file not found
/home/richel/GitHubs/FilterOperationer/qtfilteroperationermenudialog.h:6:10: 'qthideandshowdialog.h' file not found
/home/richel/GitHubs/FilterOperationer/qtmain.cpp:4:10: 'QApplication' file not found
/home/richel/GitHubs/FilterOperationer/filteroperationermaindialog.h:31:10: 'QPixmap' file not found


OCLint Report

Summary: TotalFiles=0 FilesWithViolations=0 P1=0 P2=0 P3=0 


[OCLint (http://oclint.org) v0.10.3]
